#
# There is insufficient memory for the Java Runtime Environment to continue.
# Native memory allocation (malloc) failed to allocate 188176 bytes for Chunk::new
# Possible reasons:
#   The system is out of physical RAM or swap space
#   The process is running with CompressedOops enabled, and the Java Heap may be blocking the growth of the native heap
# Possible solutions:
#   Reduce memory load on the system
#   Increase physical memory or swap space
#   Check if swap backing store is full
#   Decrease Java heap size (-Xmx/-Xms)
#   Decrease number of Java threads
#   Decrease Java thread stack sizes (-Xss)
#   Set larger code cache with -XX:ReservedCodeCacheSize=
#   JVM is running with Unscaled Compressed Oops mode in which the Java heap is
#     placed in the first 4GB address space. The Java Heap base address is the
#     maximum limit for the native heap growth. Please use -XX:HeapBaseMinAddress
#     to set the Java Heap base and to place the Java Heap above 4GB virtual address.
# This output file may be truncated or incomplete.
#
#  Out of Memory Error (./src/hotspot/share/memory/arena.cpp:197), pid=17040, tid=4604
#
# JRE version: OpenJDK Runtime Environment 18.9 (11.0.13+8) (build 11.0.13+8-LTS)
# Java VM: OpenJDK 64-Bit Server VM 18.9 (11.0.13+8-LTS, mixed mode, tiered, compressed oops, g1 gc, windows-amd64)
# No core dump will be written. Minidumps are not enabled by default on client versions of Windows
#

---------------  S U M M A R Y ------------

Command Line: -Dclassworlds.conf=C:\Users\jtalg\apache-maven-3.8.4-bin\apache-maven-3.8.4\bin\m2.conf -Dmaven.home=C:\Users\jtalg\apache-maven-3.8.4-bin\apache-maven-3.8.4 -Dlibrary.jansi.path=C:\Users\jtalg\apache-maven-3.8.4-bin\apache-maven-3.8.4\lib\jansi-native -Dmaven.multiModuleProjectDirectory=C:\Users\jtalg\Desktop\qadagalayshy\qad.api org.codehaus.plexus.classworlds.launcher.Launcher spring-boot:run

Host: Intel(R) Core(TM) i3-8145U CPU @ 2.10GHz, 4 cores, 7G,  Windows 10 , 64 bit Build 22000 (10.0.22000.434)
Time: Thu Feb  3 17:57:24 2022 Центральная Азия (зима) elapsed time: 11.222908 seconds (0d 0h 0m 11s)

---------------  T H R E A D  ---------------

Current thread (0x000002152829c000):  JavaThread "C2 CompilerThread1" daemon [_thread_in_native, id=4604, stack(0x000000663ba00000,0x000000663bb00000)]


Current CompileTask:
C2:  11222 6336       4       com.sun.tools.javac.code.Types$15::visitClassType (10 bytes)

Stack: [0x000000663ba00000,0x000000663bb00000]
Native frames: (J=compiled Java code, j=interpreted, Vv=VM code, C=native code)
V  [jvm.dll+0x61cc5a]
V  [jvm.dll+0x7a8f79]
V  [jvm.dll+0x7aa63f]
V  [jvm.dll+0x7aad13]
V  [jvm.dll+0x24f808]
V  [jvm.dll+0xc260c]
V  [jvm.dll+0xc2bcc]
V  [jvm.dll+0x358147]
V  [jvm.dll+0x19e3a9]
V  [jvm.dll+0x208aa2]
V  [jvm.dll+0x207b7d]
V  [jvm.dll+0x18a011]
V  [jvm.dll+0x217599]
V  [jvm.dll+0x21578b]
V  [jvm.dll+0x76ba30]
V  [jvm.dll+0x7649b4]
V  [jvm.dll+0x61baf6]
C  [ucrtbase.dll+0x26c0c]
C  [KERNEL32.DLL+0x154e0]
C  [ntdll.dll+0x485b]


---------------  P R O C E S S  ---------------

Threads class SMR info:
_java_thread_list=0x000002152a3f8b40, length=11, elements={
0x0000021509bac800, 0x0000021528267000, 0x0000021528270800, 0x0000021528288000,
0x0000021528289000, 0x000002152828c800, 0x000002152828f000, 0x00000215282a3000,
0x00000215282ac800, 0x0000021528d9f000, 0x000002152829c000
}

Java Threads: ( => current thread )
  0x0000021509bac800 JavaThread "main" [_thread_in_Java, id=12412, stack(0x000000663a600000,0x000000663a700000)]
  0x0000021528267000 JavaThread "Reference Handler" daemon [_thread_blocked, id=17360, stack(0x000000663ad00000,0x000000663ae00000)]
  0x0000021528270800 JavaThread "Finalizer" daemon [_thread_blocked, id=8876, stack(0x000000663ae00000,0x000000663af00000)]
  0x0000021528288000 JavaThread "Signal Dispatcher" daemon [_thread_blocked, id=14432, stack(0x000000663b000000,0x000000663b100000)]
  0x0000021528289000 JavaThread "Attach Listener" daemon [_thread_blocked, id=17316, stack(0x000000663b100000,0x000000663b200000)]
  0x000002152828c800 JavaThread "Service Thread" daemon [_thread_blocked, id=16364, stack(0x000000663b200000,0x000000663b300000)]
  0x000002152828f000 JavaThread "C2 CompilerThread0" daemon [_thread_in_native, id=16804, stack(0x000000663b300000,0x000000663b400000)]
  0x00000215282a3000 JavaThread "C1 CompilerThread0" daemon [_thread_in_native, id=16844, stack(0x000000663b400000,0x000000663b500000)]
  0x00000215282ac800 JavaThread "Sweeper thread" daemon [_thread_blocked, id=16700, stack(0x000000663b500000,0x000000663b600000)]
  0x0000021528d9f000 JavaThread "Common-Cleaner" daemon [_thread_blocked, id=16964, stack(0x000000663b700000,0x000000663b800000)]
=>0x000002152829c000 JavaThread "C2 CompilerThread1" daemon [_thread_in_native, id=4604, stack(0x000000663ba00000,0x000000663bb00000)]

Other Threads:
  0x0000021528241800 VMThread "VM Thread" [stack: 0x000000663ac00000,0x000000663ad00000] [id=16456]
  0x0000021528d94000 WatcherThread [stack: 0x000000663b600000,0x000000663b700000] [id=16920]
  0x0000021509bc5000 GCTaskThread "GC Thread#0" [stack: 0x000000663a700000,0x000000663a800000] [id=16932]
  0x0000021529648000 GCTaskThread "GC Thread#1" [stack: 0x000000663b800000,0x000000663b900000] [id=860]
  0x0000021529370800 GCTaskThread "GC Thread#2" [stack: 0x000000663b900000,0x000000663ba00000] [id=7628]
  0x0000021509bf7800 ConcurrentGCThread "G1 Main Marker" [stack: 0x000000663a800000,0x000000663a900000] [id=3564]
  0x0000021509bf9000 ConcurrentGCThread "G1 Conc#0" [stack: 0x000000663a900000,0x000000663aa00000] [id=16960]
  0x0000021509c8a800 ConcurrentGCThread "G1 Refine#0" [stack: 0x000000663aa00000,0x000000663ab00000] [id=17400]
  0x0000021509c8d800 ConcurrentGCThread "G1 Young RemSet Sampling" [stack: 0x000000663ab00000,0x000000663ac00000] [id=1656]

Threads with active compile tasks:
C2 CompilerThread0  11255 6317       4       com.sun.tools.javac.comp.Check::checkType (168 bytes)
C1 CompilerThread0  11255 6464       2       com.sun.tools.javac.comp.Lower::access (719 bytes)
C2 CompilerThread1  11255 6336       4       com.sun.tools.javac.code.Types$15::visitClassType (10 bytes)

VM state:not at safepoint (normal execution)

VM Mutex/Monitor currently owned by a thread: None

Heap address: 0x0000000082400000, size: 2012 MB, Compressed Oops mode: 32-bit
Narrow klass base: 0x0000000000000000, Narrow klass shift: 3
Compressed class space size: 1073741824 Address: 0x0000000100000000

Heap:
 garbage-first heap   total 155648K, used 43004K [0x0000000082400000, 0x0000000100000000)
  region size 1024K, 9 young (9216K), 5 survivors (5120K)
 Metaspace       used 35890K, capacity 36699K, committed 36812K, reserved 1081344K
  class space    used 3711K, capacity 4001K, committed 4096K, reserved 1048576K
Heap Regions: E=young(eden), S=young(survivor), O=old, HS=humongous(starts), HC=humongous(continues), CS=collection set, F=free, A=archive, TAMS=top-at-mark-start (previous, next)
|   0|0x0000000082400000, 0x0000000082500000, 0x0000000082500000|100%| O|  |TAMS 0x0000000082500000, 0x0000000082400000| Untracked 
|   1|0x0000000082500000, 0x0000000082600000, 0x0000000082600000|100%| O|  |TAMS 0x0000000082600000, 0x0000000082500000| Untracked 
|   2|0x0000000082600000, 0x0000000082700000, 0x0000000082700000|100%| O|  |TAMS 0x0000000082700000, 0x0000000082600000| Untracked 
|   3|0x0000000082700000, 0x0000000082800000, 0x0000000082800000|100%| O|  |TAMS 0x0000000082800000, 0x0000000082700000| Untracked 
|   4|0x0000000082800000, 0x0000000082900000, 0x0000000082900000|100%| O|  |TAMS 0x0000000082900000, 0x0000000082800000| Untracked 
|   5|0x0000000082900000, 0x0000000082a00000, 0x0000000082a00000|100%| O|  |TAMS 0x0000000082a00000, 0x0000000082900000| Untracked 
|   6|0x0000000082a00000, 0x0000000082b00000, 0x0000000082b00000|100%| O|  |TAMS 0x0000000082b00000, 0x0000000082a00000| Untracked 
|   7|0x0000000082b00000, 0x0000000082c00000, 0x0000000082c00000|100%| O|  |TAMS 0x0000000082c00000, 0x0000000082b00000| Untracked 
|   8|0x0000000082c00000, 0x0000000082d00000, 0x0000000082d00000|100%| O|  |TAMS 0x0000000082d00000, 0x0000000082c00000| Untracked 
|   9|0x0000000082d00000, 0x0000000082e00000, 0x0000000082e00000|100%| O|  |TAMS 0x0000000082e00000, 0x0000000082d00000| Untracked 
|  10|0x0000000082e00000, 0x0000000082f00000, 0x0000000082f00000|100%| O|  |TAMS 0x0000000082f00000, 0x0000000082e00000| Untracked 
|  11|0x0000000082f00000, 0x0000000083000000, 0x0000000083000000|100%| O|  |TAMS 0x0000000083000000, 0x0000000082f00000| Untracked 
|  12|0x0000000083000000, 0x0000000083100000, 0x0000000083100000|100%| O|  |TAMS 0x0000000083100000, 0x0000000083000000| Untracked 
|  13|0x0000000083100000, 0x0000000083200000, 0x0000000083200000|100%|HS|  |TAMS 0x0000000083200000, 0x0000000083100000| Complete 
|  14|0x0000000083200000, 0x0000000083300000, 0x0000000083300000|100%|HS|  |TAMS 0x0000000083300000, 0x0000000083200000| Complete 
|  15|0x0000000083300000, 0x0000000083400000, 0x0000000083400000|100%| O|  |TAMS 0x0000000083400000, 0x0000000083300000| Untracked 
|  16|0x0000000083400000, 0x0000000083500000, 0x0000000083500000|100%| O|  |TAMS 0x0000000083500000, 0x0000000083400000| Untracked 
|  17|0x0000000083500000, 0x0000000083600000, 0x0000000083600000|100%| O|  |TAMS 0x0000000083600000, 0x0000000083500000| Untracked 
|  18|0x0000000083600000, 0x0000000083700000, 0x0000000083700000|100%| O|  |TAMS 0x0000000083700000, 0x0000000083600000| Untracked 
|  19|0x0000000083700000, 0x0000000083800000, 0x0000000083800000|100%| O|  |TAMS 0x0000000083800000, 0x0000000083700000| Untracked 
|  20|0x0000000083800000, 0x0000000083900000, 0x0000000083900000|100%| O|  |TAMS 0x0000000083900000, 0x0000000083800000| Untracked 
|  21|0x0000000083900000, 0x0000000083a00000, 0x0000000083a00000|100%| O|  |TAMS 0x0000000083a00000, 0x0000000083900000| Untracked 
|  22|0x0000000083a00000, 0x0000000083b00000, 0x0000000083b00000|100%| O|  |TAMS 0x0000000083b00000, 0x0000000083a00000| Untracked 
|  23|0x0000000083b00000, 0x0000000083c00000, 0x0000000083c00000|100%| O|  |TAMS 0x0000000083c00000, 0x0000000083b00000| Untracked 
|  24|0x0000000083c00000, 0x0000000083d00000, 0x0000000083d00000|100%|HS|  |TAMS 0x0000000083d00000, 0x0000000083c00000| Complete 
|  25|0x0000000083d00000, 0x0000000083e00000, 0x0000000083e00000|100%| O|  |TAMS 0x0000000083e00000, 0x0000000083d00000| Untracked 
|  26|0x0000000083e00000, 0x0000000083f00000, 0x0000000083f00000|100%| O|  |TAMS 0x0000000083f00000, 0x0000000083e00000| Untracked 
|  27|0x0000000083f00000, 0x0000000084000000, 0x0000000084000000|100%| O|  |TAMS 0x0000000084000000, 0x0000000083f00000| Untracked 
|  28|0x0000000084000000, 0x0000000084100000, 0x0000000084100000|100%| O|  |TAMS 0x0000000084100000, 0x0000000084000000| Untracked 
|  29|0x0000000084100000, 0x0000000084200000, 0x0000000084200000|100%| O|  |TAMS 0x0000000084200000, 0x0000000084100000| Untracked 
|  30|0x0000000084200000, 0x0000000084300000, 0x0000000084300000|100%| O|  |TAMS 0x0000000084300000, 0x0000000084200000| Untracked 
|  31|0x0000000084300000, 0x0000000084400000, 0x0000000084400000|100%| O|  |TAMS 0x0000000084400000, 0x0000000084300000| Untracked 
|  32|0x0000000084400000, 0x0000000084500000, 0x0000000084500000|100%| O|  |TAMS 0x0000000084500000, 0x0000000084400000| Untracked 
|  33|0x0000000084500000, 0x0000000084600000, 0x0000000084600000|100%| O|  |TAMS 0x0000000084600000, 0x0000000084500000| Untracked 
|  34|0x0000000084600000, 0x000000008465aa00, 0x0000000084700000| 35%| O|  |TAMS 0x000000008465aa00, 0x0000000084600000| Untracked 
|  35|0x0000000084700000, 0x0000000084700000, 0x0000000084800000|  0%| F|  |TAMS 0x0000000084700000, 0x0000000084700000| Untracked 
|  36|0x0000000084800000, 0x0000000084800000, 0x0000000084900000|  0%| F|  |TAMS 0x0000000084800000, 0x0000000084800000| Untracked 
|  37|0x0000000084900000, 0x0000000084900000, 0x0000000084a00000|  0%| F|  |TAMS 0x0000000084900000, 0x0000000084900000| Untracked 
|  38|0x0000000084a00000, 0x0000000084a00000, 0x0000000084b00000|  0%| F|  |TAMS 0x0000000084a00000, 0x0000000084a00000| Untracked 
|  39|0x0000000084b00000, 0x0000000084b00000, 0x0000000084c00000|  0%| F|  |TAMS 0x0000000084b00000, 0x0000000084b00000| Untracked 
|  40|0x0000000084c00000, 0x0000000084c00000, 0x0000000084d00000|  0%| F|  |TAMS 0x0000000084c00000, 0x0000000084c00000| Untracked 
|  41|0x0000000084d00000, 0x0000000084d00000, 0x0000000084e00000|  0%| F|  |TAMS 0x0000000084d00000, 0x0000000084d00000| Untracked 
|  42|0x0000000084e00000, 0x0000000084e00000, 0x0000000084f00000|  0%| F|  |TAMS 0x0000000084e00000, 0x0000000084e00000| Untracked 
|  43|0x0000000084f00000, 0x0000000084f00000, 0x0000000085000000|  0%| F|  |TAMS 0x0000000084f00000, 0x0000000084f00000| Untracked 
|  44|0x0000000085000000, 0x0000000085000000, 0x0000000085100000|  0%| F|  |TAMS 0x0000000085000000, 0x0000000085000000| Untracked 
|  45|0x0000000085100000, 0x0000000085100000, 0x0000000085200000|  0%| F|  |TAMS 0x0000000085100000, 0x0000000085100000| Untracked 
|  46|0x0000000085200000, 0x0000000085200000, 0x0000000085300000|  0%| F|  |TAMS 0x0000000085200000, 0x0000000085200000| Untracked 
|  47|0x0000000085300000, 0x0000000085300000, 0x0000000085400000|  0%| F|  |TAMS 0x0000000085300000, 0x0000000085300000| Untracked 
|  48|0x0000000085400000, 0x0000000085400000, 0x0000000085500000|  0%| F|  |TAMS 0x0000000085400000, 0x0000000085400000| Untracked 
|  49|0x0000000085500000, 0x0000000085500000, 0x0000000085600000|  0%| F|  |TAMS 0x0000000085500000, 0x0000000085500000| Untracked 
|  50|0x0000000085600000, 0x0000000085600000, 0x0000000085700000|  0%| F|  |TAMS 0x0000000085600000, 0x0000000085600000| Untracked 
|  51|0x0000000085700000, 0x0000000085700000, 0x0000000085800000|  0%| F|  |TAMS 0x0000000085700000, 0x0000000085700000| Untracked 
|  52|0x0000000085800000, 0x0000000085800000, 0x0000000085900000|  0%| F|  |TAMS 0x0000000085800000, 0x0000000085800000| Untracked 
|  53|0x0000000085900000, 0x0000000085900000, 0x0000000085a00000|  0%| F|  |TAMS 0x0000000085900000, 0x0000000085900000| Untracked 
|  54|0x0000000085a00000, 0x0000000085a00000, 0x0000000085b00000|  0%| F|  |TAMS 0x0000000085a00000, 0x0000000085a00000| Untracked 
|  55|0x0000000085b00000, 0x0000000085b00000, 0x0000000085c00000|  0%| F|  |TAMS 0x0000000085b00000, 0x0000000085b00000| Untracked 
|  56|0x0000000085c00000, 0x0000000085c00000, 0x0000000085d00000|  0%| F|  |TAMS 0x0000000085c00000, 0x0000000085c00000| Untracked 
|  57|0x0000000085d00000, 0x0000000085d00000, 0x0000000085e00000|  0%| F|  |TAMS 0x0000000085d00000, 0x0000000085d00000| Untracked 
|  58|0x0000000085e00000, 0x0000000085e00000, 0x0000000085f00000|  0%| F|  |TAMS 0x0000000085e00000, 0x0000000085e00000| Untracked 
|  59|0x0000000085f00000, 0x0000000085f00000, 0x0000000086000000|  0%| F|  |TAMS 0x0000000085f00000, 0x0000000085f00000| Untracked 
|  60|0x0000000086000000, 0x0000000086000000, 0x0000000086100000|  0%| F|  |TAMS 0x0000000086000000, 0x0000000086000000| Untracked 
|  61|0x0000000086100000, 0x0000000086100000, 0x0000000086200000|  0%| F|  |TAMS 0x0000000086100000, 0x0000000086100000| Untracked 
|  62|0x0000000086200000, 0x0000000086200000, 0x0000000086300000|  0%| F|  |TAMS 0x0000000086200000, 0x0000000086200000| Untracked 
|  63|0x0000000086300000, 0x0000000086300000, 0x0000000086400000|  0%| F|  |TAMS 0x0000000086300000, 0x0000000086300000| Untracked 
|  64|0x0000000086400000, 0x0000000086400000, 0x0000000086500000|  0%| F|  |TAMS 0x0000000086400000, 0x0000000086400000| Untracked 
|  65|0x0000000086500000, 0x0000000086500000, 0x0000000086600000|  0%| F|  |TAMS 0x0000000086500000, 0x0000000086500000| Untracked 
|  66|0x0000000086600000, 0x0000000086600000, 0x0000000086700000|  0%| F|  |TAMS 0x0000000086600000, 0x0000000086600000| Untracked 
|  67|0x0000000086700000, 0x0000000086700000, 0x0000000086800000|  0%| F|  |TAMS 0x0000000086700000, 0x0000000086700000| Untracked 
|  68|0x0000000086800000, 0x0000000086800000, 0x0000000086900000|  0%| F|  |TAMS 0x0000000086800000, 0x0000000086800000| Untracked 
|  69|0x0000000086900000, 0x0000000086900000, 0x0000000086a00000|  0%| F|  |TAMS 0x0000000086900000, 0x0000000086900000| Untracked 
|  70|0x0000000086a00000, 0x0000000086a00000, 0x0000000086b00000|  0%| F|  |TAMS 0x0000000086a00000, 0x0000000086a00000| Untracked 
|  71|0x0000000086b00000, 0x0000000086b00000, 0x0000000086c00000|  0%| F|  |TAMS 0x0000000086b00000, 0x0000000086b00000| Untracked 
|  72|0x0000000086c00000, 0x0000000086c00000, 0x0000000086d00000|  0%| F|  |TAMS 0x0000000086c00000, 0x0000000086c00000| Untracked 
|  73|0x0000000086d00000, 0x0000000086d00000, 0x0000000086e00000|  0%| F|  |TAMS 0x0000000086d00000, 0x0000000086d00000| Untracked 
|  74|0x0000000086e00000, 0x0000000086e00000, 0x0000000086f00000|  0%| F|  |TAMS 0x0000000086e00000, 0x0000000086e00000| Untracked 
|  75|0x0000000086f00000, 0x0000000086f00000, 0x0000000087000000|  0%| F|  |TAMS 0x0000000086f00000, 0x0000000086f00000| Untracked 
|  76|0x0000000087000000, 0x0000000087000000, 0x0000000087100000|  0%| F|  |TAMS 0x0000000087000000, 0x0000000087000000| Untracked 
|  77|0x0000000087100000, 0x0000000087100000, 0x0000000087200000|  0%| F|  |TAMS 0x0000000087100000, 0x0000000087100000| Untracked 
|  78|0x0000000087200000, 0x0000000087200000, 0x0000000087300000|  0%| F|  |TAMS 0x0000000087200000, 0x0000000087200000| Untracked 
|  79|0x0000000087300000, 0x0000000087300000, 0x0000000087400000|  0%| F|  |TAMS 0x0000000087300000, 0x0000000087300000| Untracked 
|  80|0x0000000087400000, 0x0000000087400000, 0x0000000087500000|  0%| F|  |TAMS 0x0000000087400000, 0x0000000087400000| Untracked 
|  81|0x0000000087500000, 0x0000000087500000, 0x0000000087600000|  0%| F|  |TAMS 0x0000000087500000, 0x0000000087500000| Untracked 
|  82|0x0000000087600000, 0x0000000087600000, 0x0000000087700000|  0%| F|  |TAMS 0x0000000087600000, 0x0000000087600000| Untracked 
|  83|0x0000000087700000, 0x0000000087700000, 0x0000000087800000|  0%| F|  |TAMS 0x0000000087700000, 0x0000000087700000| Untracked 
|  84|0x0000000087800000, 0x0000000087800000, 0x0000000087900000|  0%| F|  |TAMS 0x0000000087800000, 0x0000000087800000| Untracked 
|  85|0x0000000087900000, 0x0000000087900000, 0x0000000087a00000|  0%| F|  |TAMS 0x0000000087900000, 0x0000000087900000| Untracked 
|  86|0x0000000087a00000, 0x0000000087a00000, 0x0000000087b00000|  0%| F|  |TAMS 0x0000000087a00000, 0x0000000087a00000| Untracked 
|  87|0x0000000087b00000, 0x0000000087b00000, 0x0000000087c00000|  0%| F|  |TAMS 0x0000000087b00000, 0x0000000087b00000| Untracked 
|  88|0x0000000087c00000, 0x0000000087c00000, 0x0000000087d00000|  0%| F|  |TAMS 0x0000000087c00000, 0x0000000087c00000| Untracked 
|  89|0x0000000087d00000, 0x0000000087d00000, 0x0000000087e00000|  0%| F|  |TAMS 0x0000000087d00000, 0x0000000087d00000| Untracked 
|  90|0x0000000087e00000, 0x0000000087e00000, 0x0000000087f00000|  0%| F|  |TAMS 0x0000000087e00000, 0x0000000087e00000| Untracked 
|  91|0x0000000087f00000, 0x0000000087f00000, 0x0000000088000000|  0%| F|  |TAMS 0x0000000087f00000, 0x0000000087f00000| Untracked 
|  92|0x0000000088000000, 0x0000000088000000, 0x0000000088100000|  0%| F|  |TAMS 0x0000000088000000, 0x0000000088000000| Untracked 
|  93|0x0000000088100000, 0x0000000088100000, 0x0000000088200000|  0%| F|  |TAMS 0x0000000088100000, 0x0000000088100000| Untracked 
|  94|0x0000000088200000, 0x0000000088200000, 0x0000000088300000|  0%| F|  |TAMS 0x0000000088200000, 0x0000000088200000| Untracked 
|  95|0x0000000088300000, 0x0000000088300000, 0x0000000088400000|  0%| F|  |TAMS 0x0000000088300000, 0x0000000088300000| Untracked 
|  96|0x0000000088400000, 0x0000000088400000, 0x0000000088500000|  0%| F|  |TAMS 0x0000000088400000, 0x0000000088400000| Untracked 
|  97|0x0000000088500000, 0x0000000088500000, 0x0000000088600000|  0%| F|  |TAMS 0x0000000088500000, 0x0000000088500000| Untracked 
|  98|0x0000000088600000, 0x0000000088600000, 0x0000000088700000|  0%| F|  |TAMS 0x0000000088600000, 0x0000000088600000| Untracked 
|  99|0x0000000088700000, 0x0000000088700000, 0x0000000088800000|  0%| F|  |TAMS 0x0000000088700000, 0x0000000088700000| Untracked 
| 100|0x0000000088800000, 0x0000000088800000, 0x0000000088900000|  0%| F|  |TAMS 0x0000000088800000, 0x0000000088800000| Untracked 
| 101|0x0000000088900000, 0x0000000088900000, 0x0000000088a00000|  0%| F|  |TAMS 0x0000000088900000, 0x0000000088900000| Untracked 
| 102|0x0000000088a00000, 0x0000000088a00000, 0x0000000088b00000|  0%| F|  |TAMS 0x0000000088a00000, 0x0000000088a00000| Untracked 
| 103|0x0000000088b00000, 0x0000000088b00000, 0x0000000088c00000|  0%| F|  |TAMS 0x0000000088b00000, 0x0000000088b00000| Untracked 
| 104|0x0000000088c00000, 0x0000000088c00000, 0x0000000088d00000|  0%| F|  |TAMS 0x0000000088c00000, 0x0000000088c00000| Untracked 
| 105|0x0000000088d00000, 0x0000000088d00000, 0x0000000088e00000|  0%| F|  |TAMS 0x0000000088d00000, 0x0000000088d00000| Untracked 
| 106|0x0000000088e00000, 0x0000000088e00000, 0x0000000088f00000|  0%| F|  |TAMS 0x0000000088e00000, 0x0000000088e00000| Untracked 
| 107|0x0000000088f00000, 0x0000000088f00000, 0x0000000089000000|  0%| F|  |TAMS 0x0000000088f00000, 0x0000000088f00000| Untracked 
| 108|0x0000000089000000, 0x0000000089000000, 0x0000000089100000|  0%| F|  |TAMS 0x0000000089000000, 0x0000000089000000| Untracked 
| 109|0x0000000089100000, 0x0000000089100000, 0x0000000089200000|  0%| F|  |TAMS 0x0000000089100000, 0x0000000089100000| Untracked 
| 110|0x0000000089200000, 0x0000000089200000, 0x0000000089300000|  0%| F|  |TAMS 0x0000000089200000, 0x0000000089200000| Untracked 
| 111|0x0000000089300000, 0x00000000893a4610, 0x0000000089400000| 64%| S|CS|TAMS 0x0000000089300000, 0x0000000089300000| Complete 
| 112|0x0000000089400000, 0x0000000089500000, 0x0000000089500000|100%| S|CS|TAMS 0x0000000089400000, 0x0000000089400000| Complete 
| 113|0x0000000089500000, 0x0000000089600000, 0x0000000089600000|100%| S|CS|TAMS 0x0000000089500000, 0x0000000089500000| Complete 
| 114|0x0000000089600000, 0x0000000089700000, 0x0000000089700000|100%| S|CS|TAMS 0x0000000089600000, 0x0000000089600000| Complete 
| 115|0x0000000089700000, 0x0000000089800000, 0x0000000089800000|100%| S|CS|TAMS 0x0000000089700000, 0x0000000089700000| Complete 
| 116|0x0000000089800000, 0x0000000089800000, 0x0000000089900000|  0%| F|  |TAMS 0x0000000089800000, 0x0000000089800000| Untracked 
| 117|0x0000000089900000, 0x0000000089900000, 0x0000000089a00000|  0%| F|  |TAMS 0x0000000089900000, 0x0000000089900000| Untracked 
| 118|0x0000000089a00000, 0x0000000089a00000, 0x0000000089b00000|  0%| F|  |TAMS 0x0000000089a00000, 0x0000000089a00000| Untracked 
| 119|0x0000000089b00000, 0x0000000089b00000, 0x0000000089c00000|  0%| F|  |TAMS 0x0000000089b00000, 0x0000000089b00000| Untracked 
| 120|0x0000000089c00000, 0x0000000089c00000, 0x0000000089d00000|  0%| F|  |TAMS 0x0000000089c00000, 0x0000000089c00000| Untracked 
| 121|0x0000000089d00000, 0x0000000089d00000, 0x0000000089e00000|  0%| F|  |TAMS 0x0000000089d00000, 0x0000000089d00000| Untracked 
| 122|0x0000000089e00000, 0x0000000089e00000, 0x0000000089f00000|  0%| F|  |TAMS 0x0000000089e00000, 0x0000000089e00000| Untracked 
| 123|0x0000000089f00000, 0x0000000089f00000, 0x000000008a000000|  0%| F|  |TAMS 0x0000000089f00000, 0x0000000089f00000| Untracked 
| 124|0x000000008a000000, 0x000000008a000000, 0x000000008a100000|  0%| F|  |TAMS 0x000000008a000000, 0x000000008a000000| Untracked 
| 125|0x000000008a100000, 0x000000008a100000, 0x000000008a200000|  0%| F|  |TAMS 0x000000008a100000, 0x000000008a100000| Untracked 
| 126|0x000000008a200000, 0x000000008a200000, 0x000000008a300000|  0%| F|  |TAMS 0x000000008a200000, 0x000000008a200000| Untracked 
| 127|0x000000008a300000, 0x000000008a300000, 0x000000008a400000|  0%| F|  |TAMS 0x000000008a300000, 0x000000008a300000| Untracked 
| 128|0x000000008a400000, 0x000000008a400000, 0x000000008a500000|  0%| F|  |TAMS 0x000000008a400000, 0x000000008a400000| Untracked 
| 129|0x000000008a500000, 0x000000008a500000, 0x000000008a600000|  0%| F|  |TAMS 0x000000008a500000, 0x000000008a500000| Untracked 
| 130|0x000000008a600000, 0x000000008a600000, 0x000000008a700000|  0%| F|  |TAMS 0x000000008a600000, 0x000000008a600000| Untracked 
| 131|0x000000008a700000, 0x000000008a700000, 0x000000008a800000|  0%| F|  |TAMS 0x000000008a700000, 0x000000008a700000| Untracked 
| 132|0x000000008a800000, 0x000000008a800000, 0x000000008a900000|  0%| F|  |TAMS 0x000000008a800000, 0x000000008a800000| Untracked 
| 133|0x000000008a900000, 0x000000008a900000, 0x000000008aa00000|  0%| F|  |TAMS 0x000000008a900000, 0x000000008a900000| Untracked 
| 134|0x000000008aa00000, 0x000000008aa00000, 0x000000008ab00000|  0%| F|  |TAMS 0x000000008aa00000, 0x000000008aa00000| Untracked 
| 135|0x000000008ab00000, 0x000000008ab00000, 0x000000008ac00000|  0%| F|  |TAMS 0x000000008ab00000, 0x000000008ab00000| Untracked 
| 136|0x000000008ac00000, 0x000000008ac00000, 0x000000008ad00000|  0%| F|  |TAMS 0x000000008ac00000, 0x000000008ac00000| Untracked 
| 137|0x000000008ad00000, 0x000000008ad00000, 0x000000008ae00000|  0%| F|  |TAMS 0x000000008ad00000, 0x000000008ad00000| Untracked 
| 138|0x000000008ae00000, 0x000000008ae00000, 0x000000008af00000|  0%| F|  |TAMS 0x000000008ae00000, 0x000000008ae00000| Untracked 
| 139|0x000000008af00000, 0x000000008af00000, 0x000000008b000000|  0%| F|  |TAMS 0x000000008af00000, 0x000000008af00000| Untracked 
| 140|0x000000008b000000, 0x000000008b000000, 0x000000008b100000|  0%| F|  |TAMS 0x000000008b000000, 0x000000008b000000| Untracked 
| 141|0x000000008b100000, 0x000000008b100000, 0x000000008b200000|  0%| F|  |TAMS 0x000000008b100000, 0x000000008b100000| Untracked 
| 142|0x000000008b200000, 0x000000008b200000, 0x000000008b300000|  0%| F|  |TAMS 0x000000008b200000, 0x000000008b200000| Untracked 
| 143|0x000000008b300000, 0x000000008b300000, 0x000000008b400000|  0%| F|  |TAMS 0x000000008b300000, 0x000000008b300000| Untracked 
| 144|0x000000008b400000, 0x000000008b400000, 0x000000008b500000|  0%| F|  |TAMS 0x000000008b400000, 0x000000008b400000| Untracked 
| 145|0x000000008b500000, 0x000000008b500000, 0x000000008b600000|  0%| F|  |TAMS 0x000000008b500000, 0x000000008b500000| Untracked 
| 146|0x000000008b600000, 0x000000008b600000, 0x000000008b700000|  0%| F|  |TAMS 0x000000008b600000, 0x000000008b600000| Untracked 
| 147|0x000000008b700000, 0x000000008b700000, 0x000000008b800000|  0%| F|  |TAMS 0x000000008b700000, 0x000000008b700000| Untracked 
| 148|0x000000008b800000, 0x000000008b900000, 0x000000008b900000|100%| E|  |TAMS 0x000000008b800000, 0x000000008b800000| Complete 
| 149|0x000000008b900000, 0x000000008ba00000, 0x000000008ba00000|100%| E|CS|TAMS 0x000000008b900000, 0x000000008b900000| Complete 
| 150|0x000000008ba00000, 0x000000008bb00000, 0x000000008bb00000|100%| E|CS|TAMS 0x000000008ba00000, 0x000000008ba00000| Complete 
| 151|0x000000008bb00000, 0x000000008bc00000, 0x000000008bc00000|100%| E|CS|TAMS 0x000000008bb00000, 0x000000008bb00000| Complete 

Card table byte_map: [0x00000215216c0000,0x0000021521ab0000] _byte_map_base: 0x00000215212ae000

Marking Bits (Prev, Next): (CMBitMap*) 0x0000021509beed88, (CMBitMap*) 0x0000021509beedc0
 Prev Bits: [0x0000021521ea0000, 0x0000021523e10000)
 Next Bits: [0x0000021523e10000, 0x0000021525d80000)

Polling page: 0x0000021507b10000

Metaspace:

Usage:
  Non-class:     31.93 MB capacity,    31.43 MB ( 98%) used,   445.74 KB (  1%) free+waste,    69.06 KB ( <1%) overhead. 
      Class:      3.91 MB capacity,     3.62 MB ( 93%) used,   261.00 KB (  7%) free+waste,    28.31 KB ( <1%) overhead. 
       Both:     35.84 MB capacity,    35.05 MB ( 98%) used,   706.74 KB (  2%) free+waste,    97.38 KB ( <1%) overhead. 

Virtual space:
  Non-class space:       32.00 MB reserved,      31.95 MB (>99%) committed 
      Class space:        1.00 GB reserved,       4.00 MB ( <1%) committed 
             Both:        1.03 GB reserved,      35.95 MB (  3%) committed 

Chunk freelists:
   Non-Class:  6.00 KB
       Class:  0 bytes
        Both:  6.00 KB

MaxMetaspaceSize: 17179869184.00 GB
CompressedClassSpaceSize: 1.00 GB
Initial GC threshold: 20.80 MB
Current GC threshold: 58.88 MB
CDS: off

CodeHeap 'non-profiled nmethods': size=120064Kb used=3437Kb max_used=3437Kb free=116627Kb
 bounds [0x0000021519d90000, 0x000002151a0f0000, 0x00000215212d0000]
CodeHeap 'profiled nmethods': size=120000Kb used=15741Kb max_used=15741Kb free=104259Kb
 bounds [0x0000021512860000, 0x00000215137c0000, 0x0000021519d90000]
CodeHeap 'non-nmethods': size=5696Kb used=1206Kb max_used=1256Kb free=4489Kb
 bounds [0x00000215122d0000, 0x0000021512540000, 0x0000021512860000]
 total_blobs=6895 nmethods=6416 adapters=391
 compilation: enabled
              stopped_count=0, restarted_count=0
 full_count=0

Compilation events (20 events):
Event: 11.194 Thread 0x00000215282a3000 6378       3       com.sun.tools.javac.code.Type$DelegatedType::<init> (20 bytes)
Event: 11.195 Thread 0x00000215282a3000 nmethod 6378 0x000002151378b910 code [0x000002151378bb00, 0x000002151378c068]
Event: 11.195 Thread 0x00000215282a3000 6382       3       java.util.HashMap::put (13 bytes)
Event: 11.195 Thread 0x00000215282a3000 nmethod 6382 0x000002151378c290 code [0x000002151378c460, 0x000002151378c758]
Event: 11.195 Thread 0x00000215282a3000 6381       3       com.sun.tools.javac.code.Type$StructuralTypeMapping::visitMethodType (7 bytes)
Event: 11.195 Thread 0x00000215282a3000 nmethod 6381 0x000002151378c890 code [0x000002151378ca40, 0x000002151378cbe8]
Event: 11.195 Thread 0x00000215282a3000 6380       1       com.sun.tools.javac.code.Type::constValue (2 bytes)
Event: 11.195 Thread 0x00000215282a3000 nmethod 6380 0x000002151a0e9610 code [0x000002151a0e97c0, 0x000002151a0e9878]
Event: 11.195 Thread 0x00000215282a3000 6384       3       com.sun.tools.javac.code.Symbol::erasure (24 bytes)
Event: 11.196 Thread 0x00000215282a3000 nmethod 6384 0x000002151378cc90 code [0x000002151378cec0, 0x000002151378d708]
Event: 11.196 Thread 0x00000215282a3000 6385       3       com.sun.tools.javac.tree.JCTree::getStartPosition (5 bytes)
Event: 11.196 Thread 0x00000215282a3000 nmethod 6385 0x000002151378da10 code [0x000002151378dbc0, 0x000002151378dce8]
Event: 11.196 Thread 0x00000215282a3000 6387       3       com.sun.tools.javac.tree.TreeInfo::getStartPos (733 bytes)
Event: 11.198 Thread 0x00000215282a3000 nmethod 6387 0x000002151378dd90 code [0x000002151378e280, 0x00000215137913b8]
Event: 11.198 Thread 0x00000215282a3000 6386       3       com.sun.tools.javac.tree.TreeMaker::at (20 bytes)
Event: 11.198 Thread 0x00000215282a3000 nmethod 6386 0x0000021513791f90 code [0x0000021513792160, 0x0000021513792388]
Event: 11.198 Thread 0x00000215282a3000 6388       3       com.sun.tools.javac.comp.Lower::make_at (14 bytes)
Event: 11.199 Thread 0x00000215282a3000 nmethod 6388 0x0000021513792490 code [0x0000021513792660, 0x0000021513792968]
Event: 11.200 Thread 0x00000215282a3000 6390       3       com.sun.tools.javac.code.Types$HashCodeVisitor::visitClassType (92 bytes)
Event: 11.201 Thread 0x00000215282a3000 nmethod 6390 0x0000021513792a90 code [0x0000021513792d80, 0x0000021513793f58]

GC Heap History (20 events):
Event: 0.986 GC heap before
{Heap before GC invocations=0 (full 0):
 garbage-first heap   total 129024K, used 14336K [0x0000000082400000, 0x0000000100000000)
  region size 1024K, 14 young (14336K), 0 survivors (0K)
 Metaspace       used 10958K, capacity 11145K, committed 11392K, reserved 1058816K
  class space    used 1031K, capacity 1120K, committed 1152K, reserved 1048576K
}
Event: 0.994 GC heap after
{Heap after GC invocations=1 (full 0):
 garbage-first heap   total 129024K, used 3083K [0x0000000082400000, 0x0000000100000000)
  region size 1024K, 2 young (2048K), 2 survivors (2048K)
 Metaspace       used 10958K, capacity 11145K, committed 11392K, reserved 1058816K
  class space    used 1031K, capacity 1120K, committed 1152K, reserved 1048576K
}
Event: 1.229 GC heap before
{Heap before GC invocations=1 (full 0):
 garbage-first heap   total 129024K, used 8203K [0x0000000082400000, 0x0000000100000000)
  region size 1024K, 7 young (7168K), 2 survivors (2048K)
 Metaspace       used 12369K, capacity 12533K, committed 12672K, reserved 1060864K
  class space    used 1216K, capacity 1284K, committed 1408K, reserved 1048576K
}
Event: 1.232 GC heap after
{Heap after GC invocations=2 (full 0):
 garbage-first heap   total 129024K, used 3650K [0x0000000082400000, 0x0000000100000000)
  region size 1024K, 1 young (1024K), 1 survivors (1024K)
 Metaspace       used 12369K, capacity 12533K, committed 12672K, reserved 1060864K
  class space    used 1216K, capacity 1284K, committed 1408K, reserved 1048576K
}
Event: 1.748 GC heap before
{Heap before GC invocations=2 (full 0):
 garbage-first heap   total 129024K, used 27202K [0x0000000082400000, 0x0000000100000000)
  region size 1024K, 25 young (25600K), 1 survivors (1024K)
 Metaspace       used 14782K, capacity 15005K, committed 15232K, reserved 1062912K
  class space    used 1518K, capacity 1617K, committed 1664K, reserved 1048576K
}
Event: 1.751 GC heap after
{Heap after GC invocations=3 (full 0):
 garbage-first heap   total 129024K, used 4434K [0x0000000082400000, 0x0000000100000000)
  region size 1024K, 2 young (2048K), 2 survivors (2048K)
 Metaspace       used 14782K, capacity 15005K, committed 15232K, reserved 1062912K
  class space    used 1518K, capacity 1617K, committed 1664K, reserved 1048576K
}
Event: 3.879 GC heap before
{Heap before GC invocations=3 (full 0):
 garbage-first heap   total 129024K, used 79186K [0x0000000082400000, 0x0000000100000000)
  region size 1024K, 75 young (76800K), 2 survivors (2048K)
 Metaspace       used 20877K, capacity 21212K, committed 21248K, reserved 1069056K
  class space    used 2156K, capacity 2283K, committed 2304K, reserved 1048576K
}
Event: 3.895 GC heap after
{Heap after GC invocations=4 (full 0):
 garbage-first heap   total 129024K, used 11526K [0x0000000082400000, 0x0000000100000000)
  region size 1024K, 9 young (9216K), 9 survivors (9216K)
 Metaspace       used 20877K, capacity 21212K, committed 21248K, reserved 1069056K
  class space    used 2156K, capacity 2283K, committed 2304K, reserved 1048576K
}
Event: 3.938 GC heap before
{Heap before GC invocations=4 (full 0):
 garbage-first heap   total 129024K, used 13574K [0x0000000082400000, 0x0000000100000000)
  region size 1024K, 12 young (12288K), 9 survivors (9216K)
 Metaspace       used 20893K, capacity 21212K, committed 21248K, reserved 1069056K
  class space    used 2156K, capacity 2283K, committed 2304K, reserved 1048576K
}
Event: 3.968 GC heap after
{Heap after GC invocations=5 (full 0):
 garbage-first heap   total 129024K, used 12312K [0x0000000082400000, 0x0000000100000000)
  region size 1024K, 1 young (1024K), 1 survivors (1024K)
 Metaspace       used 20893K, capacity 21212K, committed 21248K, reserved 1069056K
  class space    used 2156K, capacity 2283K, committed 2304K, reserved 1048576K
}
Event: 5.908 GC heap before
{Heap before GC invocations=6 (full 0):
 garbage-first heap   total 129024K, used 86040K [0x0000000082400000, 0x0000000100000000)
  region size 1024K, 73 young (74752K), 1 survivors (1024K)
 Metaspace       used 24863K, capacity 25388K, committed 25472K, reserved 1073152K
  class space    used 2531K, capacity 2680K, committed 2688K, reserved 1048576K
}
Event: 5.915 GC heap after
{Heap after GC invocations=7 (full 0):
 garbage-first heap   total 129024K, used 16737K [0x0000000082400000, 0x0000000100000000)
  region size 1024K, 5 young (5120K), 5 survivors (5120K)
 Metaspace       used 24863K, capacity 25388K, committed 25472K, reserved 1073152K
  class space    used 2531K, capacity 2680K, committed 2688K, reserved 1048576K
}
Event: 6.984 GC heap before
{Heap before GC invocations=7 (full 0):
 garbage-first heap   total 129024K, used 89441K [0x0000000082400000, 0x0000000100000000)
  region size 1024K, 75 young (76800K), 5 survivors (5120K)
 Metaspace       used 31000K, capacity 31610K, committed 31744K, reserved 1077248K
  class space    used 3242K, capacity 3459K, committed 3584K, reserved 1048576K
}
Event: 6.996 GC heap after
{Heap after GC invocations=8 (full 0):
 garbage-first heap   total 129024K, used 24256K [0x0000000082400000, 0x0000000100000000)
  region size 1024K, 10 young (10240K), 10 survivors (10240K)
 Metaspace       used 31000K, capacity 31610K, committed 31744K, reserved 1077248K
  class space    used 3242K, capacity 3459K, committed 3584K, reserved 1048576K
}
Event: 7.890 GC heap before
{Heap before GC invocations=8 (full 0):
 garbage-first heap   total 129024K, used 89792K [0x0000000082400000, 0x0000000100000000)
  region size 1024K, 75 young (76800K), 10 survivors (10240K)
 Metaspace       used 31755K, capacity 32378K, committed 32512K, reserved 1079296K
  class space    used 3297K, capacity 3520K, committed 3584K, reserved 1048576K
}
Event: 7.913 GC heap after
{Heap after GC invocations=9 (full 0):
 garbage-first heap   total 155648K, used 34321K [0x0000000082400000, 0x0000000100000000)
  region size 1024K, 10 young (10240K), 10 survivors (10240K)
 Metaspace       used 31755K, capacity 32378K, committed 32512K, reserved 1079296K
  class space    used 3297K, capacity 3520K, committed 3584K, reserved 1048576K
}
Event: 10.401 GC heap before
{Heap before GC invocations=9 (full 0):
 garbage-first heap   total 155648K, used 107025K [0x0000000082400000, 0x0000000100000000)
  region size 1024K, 81 young (82944K), 10 survivors (10240K)
 Metaspace       used 34468K, capacity 35238K, committed 35328K, reserved 1081344K
  class space    used 3573K, capacity 3819K, committed 3840K, reserved 1048576K
}
Event: 10.418 GC heap after
{Heap after GC invocations=10 (full 0):
 garbage-first heap   total 155648K, used 39786K [0x0000000082400000, 0x0000000100000000)
  region size 1024K, 5 young (5120K), 5 survivors (5120K)
 Metaspace       used 34468K, capacity 35238K, committed 35328K, reserved 1081344K
  class space    used 3573K, capacity 3819K, committed 3840K, reserved 1048576K
}
Event: 10.995 GC heap before
{Heap before GC invocations=10 (full 0):
 garbage-first heap   total 155648K, used 75626K [0x0000000082400000, 0x0000000100000000)
  region size 1024K, 41 young (41984K), 5 survivors (5120K)
 Metaspace       used 35068K, capacity 35824K, committed 35840K, reserved 1081344K
  class space    used 3609K, capacity 3835K, committed 3840K, reserved 1048576K
}
Event: 11.004 GC heap after
{Heap after GC invocations=11 (full 0):
 garbage-first heap   total 155648K, used 39932K [0x0000000082400000, 0x0000000100000000)
  region size 1024K, 5 young (5120K), 5 survivors (5120K)
 Metaspace       used 35068K, capacity 35824K, committed 35840K, reserved 1081344K
  class space    used 3609K, capacity 3835K, committed 3840K, reserved 1048576K
}

Deoptimization events (20 events):
Event: 11.193 Thread 0x0000021509bac800 Uncommon trap: trap_request=0xffffffc6 fr.pc=0x0000021519eb2b3c relative=0x00000000000005bc
Event: 11.194 Thread 0x0000021509bac800 Uncommon trap: reason=bimorphic_or_optimized_type_check action=maybe_recompile pc=0x0000021519eb2b3c method=java.util.HashMap.putVal(ILjava/lang/Object;Ljava/lang/Object;ZZ)Ljava/lang/Object; @ 253 c2
Event: 11.194 Thread 0x0000021509bac800 DEOPT PACKING pc=0x0000021519eb2b3c sp=0x000000663a6fd220
Event: 11.194 Thread 0x0000021509bac800 DEOPT UNPACKING pc=0x000002151231a1af sp=0x000000663a6fd148 mode 2
Event: 11.195 Thread 0x0000021509bac800 Uncommon trap: trap_request=0xffffffde fr.pc=0x000002151a0d7e4c relative=0x0000000000000a4c
Event: 11.195 Thread 0x0000021509bac800 Uncommon trap: reason=class_check action=maybe_recompile pc=0x000002151a0d7e4c method=com.sun.tools.javac.code.Scope$ScopeListenerList.walkReferences(Lcom/sun/tools/javac/code/Symbol;Lcom/sun/tools/javac/code/Scope;Z)V @ 20 c2
Event: 11.195 Thread 0x0000021509bac800 DEOPT PACKING pc=0x000002151a0d7e4c sp=0x000000663a6fcc80
Event: 11.195 Thread 0x0000021509bac800 DEOPT UNPACKING pc=0x000002151231a1af sp=0x000000663a6fcb60 mode 2
Event: 11.195 Thread 0x0000021509bac800 Uncommon trap: trap_request=0xffffffde fr.pc=0x000002151a0d7e4c relative=0x0000000000000a4c
Event: 11.195 Thread 0x0000021509bac800 Uncommon trap: reason=class_check action=maybe_recompile pc=0x000002151a0d7e4c method=com.sun.tools.javac.code.Scope$ScopeListenerList.walkReferences(Lcom/sun/tools/javac/code/Symbol;Lcom/sun/tools/javac/code/Scope;Z)V @ 20 c2
Event: 11.195 Thread 0x0000021509bac800 DEOPT PACKING pc=0x000002151a0d7e4c sp=0x000000663a6fcc80
Event: 11.195 Thread 0x0000021509bac800 DEOPT UNPACKING pc=0x000002151231a1af sp=0x000000663a6fcb60 mode 2
Event: 11.195 Thread 0x0000021509bac800 Uncommon trap: trap_request=0xffffffde fr.pc=0x000002151a0d7e4c relative=0x0000000000000a4c
Event: 11.195 Thread 0x0000021509bac800 Uncommon trap: reason=class_check action=maybe_recompile pc=0x000002151a0d7e4c method=com.sun.tools.javac.code.Scope$ScopeListenerList.walkReferences(Lcom/sun/tools/javac/code/Symbol;Lcom/sun/tools/javac/code/Scope;Z)V @ 20 c2
Event: 11.195 Thread 0x0000021509bac800 DEOPT PACKING pc=0x000002151a0d7e4c sp=0x000000663a6fcc80
Event: 11.195 Thread 0x0000021509bac800 DEOPT UNPACKING pc=0x000002151231a1af sp=0x000000663a6fcb60 mode 2
Event: 11.195 Thread 0x0000021509bac800 Uncommon trap: trap_request=0xffffffc6 fr.pc=0x0000021519ea5920 relative=0x0000000000000520
Event: 11.195 Thread 0x0000021509bac800 Uncommon trap: reason=bimorphic_or_optimized_type_check action=maybe_recompile pc=0x0000021519ea5920 method=java.util.HashMap.putVal(ILjava/lang/Object;Ljava/lang/Object;ZZ)Ljava/lang/Object; @ 253 c2
Event: 11.195 Thread 0x0000021509bac800 DEOPT PACKING pc=0x0000021519ea5920 sp=0x000000663a6fd180
Event: 11.195 Thread 0x0000021509bac800 DEOPT UNPACKING pc=0x000002151231a1af sp=0x000000663a6fd100 mode 2

Classes redefined (0 events):
No events

Internal exceptions (20 events):
Event: 8.140 Thread 0x0000021509bac800 Exception <a 'sun/nio/fs/WindowsException'{0x000000008b2c79c0}> (0x000000008b2c79c0) thrown at [./src/hotspot/share/prims/jni.cpp, line 616]
Event: 8.140 Thread 0x0000021509bac800 Exception <a 'sun/nio/fs/WindowsException'{0x000000008b2c7d10}> (0x000000008b2c7d10) thrown at [./src/hotspot/share/prims/jni.cpp, line 616]
Event: 8.140 Thread 0x0000021509bac800 Exception <a 'sun/nio/fs/WindowsException'{0x000000008b2dcf78}> (0x000000008b2dcf78) thrown at [./src/hotspot/share/prims/jni.cpp, line 616]
Event: 8.140 Thread 0x0000021509bac800 Exception <a 'sun/nio/fs/WindowsException'{0x000000008b2dd308}> (0x000000008b2dd308) thrown at [./src/hotspot/share/prims/jni.cpp, line 616]
Event: 8.140 Thread 0x0000021509bac800 Exception <a 'sun/nio/fs/WindowsException'{0x000000008b2de358}> (0x000000008b2de358) thrown at [./src/hotspot/share/prims/jni.cpp, line 616]
Event: 8.140 Thread 0x0000021509bac800 Exception <a 'sun/nio/fs/WindowsException'{0x000000008b2de778}> (0x000000008b2de778) thrown at [./src/hotspot/share/prims/jni.cpp, line 616]
Event: 9.231 Thread 0x0000021509bac800 Implicit null exception at 0x0000021519f0fb6f to 0x0000021519f0fcb0
Event: 9.889 Thread 0x0000021509bac800 Exception <a 'sun/nio/fs/WindowsException'{0x0000000087d51440}> (0x0000000087d51440) thrown at [./src/hotspot/share/prims/jni.cpp, line 616]
Event: 9.889 Thread 0x0000021509bac800 Exception <a 'sun/nio/fs/WindowsException'{0x0000000087d51710}> (0x0000000087d51710) thrown at [./src/hotspot/share/prims/jni.cpp, line 616]
Event: 9.889 Thread 0x0000021509bac800 Exception <a 'sun/nio/fs/WindowsException'{0x0000000087d55a98}> (0x0000000087d55a98) thrown at [./src/hotspot/share/prims/jni.cpp, line 616]
Event: 9.889 Thread 0x0000021509bac800 Exception <a 'sun/nio/fs/WindowsException'{0x0000000087d55d18}> (0x0000000087d55d18) thrown at [./src/hotspot/share/prims/jni.cpp, line 616]
Event: 9.890 Thread 0x0000021509bac800 Exception <a 'sun/nio/fs/WindowsException'{0x0000000087d5b940}> (0x0000000087d5b940) thrown at [./src/hotspot/share/prims/jni.cpp, line 616]
Event: 9.890 Thread 0x0000021509bac800 Exception <a 'sun/nio/fs/WindowsException'{0x0000000087d5bc08}> (0x0000000087d5bc08) thrown at [./src/hotspot/share/prims/jni.cpp, line 616]
Event: 9.890 Thread 0x0000021509bac800 Exception <a 'sun/nio/fs/WindowsException'{0x0000000087d5d0c0}> (0x0000000087d5d0c0) thrown at [./src/hotspot/share/prims/jni.cpp, line 616]
Event: 9.890 Thread 0x0000021509bac800 Exception <a 'sun/nio/fs/WindowsException'{0x0000000087d5d410}> (0x0000000087d5d410) thrown at [./src/hotspot/share/prims/jni.cpp, line 616]
Event: 10.834 Thread 0x0000021509bac800 Implicit null exception at 0x0000021519ea63d9 to 0x0000021519ea85a8
Event: 11.013 Thread 0x0000021509bac800 Exception <a 'java/lang/NoSuchMethodError'{0x000000008bb12468}: 'int java.lang.invoke.DirectMethodHandle$Holder.invokeVirtual(java.lang.Object, java.lang.Object, java.lang.Object, java.lang.Object)'> (0x000000008bb12468) thrown at [./src/hotspot/share/interpreter/linkResolver.cpp, line 773]
Event: 11.016 Thread 0x0000021509bac800 Exception <a 'java/lang/NoSuchMethodError'{0x000000008bb1d1b8}: 'java.lang.Object java.lang.invoke.DirectMethodHandle$Holder.invokeStatic(java.lang.Object, java.lang.Object, int, java.lang.Object)'> (0x000000008bb1d1b8) thrown at [./src/hotspot/share/interpreter/linkResolver.cpp, line 773]
Event: 11.022 Thread 0x0000021509bac800 Exception <a 'java/lang/NoSuchMethodError'{0x000000008bb241e0}: 'java.lang.Object java.lang.invoke.Invokers$Holder.linkToTargetMethod(java.lang.Object, int, java.lang.Object, java.lang.Object)'> (0x000000008bb241e0) thrown at [./src/hotspot/share/interpreter/linkResolver.cpp, line 773]
Event: 11.023 Thread 0x0000021509bac800 Exception <a 'java/lang/NoSuchMethodError'{0x000000008bb29e68}: 'java.lang.Object java.lang.invoke.DirectMethodHandle$Holder.invokeVirtual(java.lang.Object, java.lang.Object, java.lang.Object)'> (0x000000008bb29e68) thrown at [./src/hotspot/share/interpreter/linkResolver.cpp, line 773]

Events (20 events):
Event: 11.077 loading class java/util/EnumMap$EntryIterator
Event: 11.077 loading class java/util/EnumMap$EnumMapIterator
Event: 11.078 loading class java/util/EnumMap$EnumMapIterator done
Event: 11.078 loading class java/util/EnumMap$EntryIterator done
Event: 11.078 loading class java/util/EnumMap$EntryIterator$Entry
Event: 11.078 loading class java/util/EnumMap$EntryIterator$Entry done
Event: 11.086 Executing VM operation: CGC_Operation
Event: 11.094 Executing VM operation: CGC_Operation done
Event: 11.134 Executing VM operation: CGC_Operation
Event: 11.135 Executing VM operation: CGC_Operation done
Event: 11.154 Executing VM operation: Deoptimize
Event: 11.154 Executing VM operation: Deoptimize done
Event: 11.157 loading class com/sun/tools/javac/code/Symbol
Event: 11.157 loading class com/sun/tools/javac/code/Symbol done
Event: 11.158 loading class com/sun/tools/javac/code/Symbol
Event: 11.158 loading class com/sun/tools/javac/code/Symbol done
Event: 11.158 loading class com/sun/tools/javac/util/Filter
Event: 11.158 loading class com/sun/tools/javac/util/Filter done
Event: 11.165 Executing VM operation: Deoptimize
Event: 11.165 Executing VM operation: Deoptimize done


Dynamic libraries:
0x00007ff737f30000 - 0x00007ff737f92000 	C:\Program Files\RedHat\java-11-openjdk-11.0.13-1\bin\java.exe
0x00007ffe304a0000 - 0x00007ffe306a9000 	C:\WINDOWS\SYSTEM32\ntdll.dll
0x00007ffe2e4e0000 - 0x00007ffe2e59d000 	C:\WINDOWS\System32\KERNEL32.DLL
0x00007ffe2da60000 - 0x00007ffe2ddd4000 	C:\WINDOWS\System32\KERNELBASE.dll
0x00007ffe2e220000 - 0x00007ffe2e331000 	C:\WINDOWS\System32\ucrtbase.dll
0x00007ffe163a0000 - 0x00007ffe163b7000 	C:\Program Files\RedHat\java-11-openjdk-11.0.13-1\bin\jli.dll
0x00007ffe2e5a0000 - 0x00007ffe2e74c000 	C:\WINDOWS\System32\USER32.dll
0x00007ffe2d990000 - 0x00007ffe2d9b6000 	C:\WINDOWS\System32\win32u.dll
0x00007ffe2fdf0000 - 0x00007ffe2fe19000 	C:\WINDOWS\System32\GDI32.dll
0x00007ffe2de60000 - 0x00007ffe2df72000 	C:\WINDOWS\System32\gdi32full.dll
0x00007ffe2d9c0000 - 0x00007ffe2da5d000 	C:\WINDOWS\System32\msvcp_win.dll
0x00007ffe1aff0000 - 0x00007ffe1b295000 	C:\WINDOWS\WinSxS\amd64_microsoft.windows.common-controls_6595b64144ccf1df_6.0.22000.120_none_9d947278b86cc467\COMCTL32.dll
0x00007ffe303b0000 - 0x00007ffe30453000 	C:\WINDOWS\System32\msvcrt.dll
0x00007ffe16380000 - 0x00007ffe16395000 	C:\Program Files\RedHat\java-11-openjdk-11.0.13-1\bin\VCRUNTIME140.dll
0x00007ffe2f930000 - 0x00007ffe2f961000 	C:\WINDOWS\System32\IMM32.DLL
0x00007ffdfb8b0000 - 0x00007ffdfb94b000 	C:\Program Files\RedHat\java-11-openjdk-11.0.13-1\bin\msvcp140.dll
0x00007ffdda610000 - 0x00007ffddb18f000 	C:\Program Files\RedHat\java-11-openjdk-11.0.13-1\bin\server\jvm.dll
0x00007ffe2e340000 - 0x00007ffe2e3ee000 	C:\WINDOWS\System32\ADVAPI32.dll
0x00007ffe2ea00000 - 0x00007ffe2ea9e000 	C:\WINDOWS\System32\sechost.dll
0x00007ffe2eb80000 - 0x00007ffe2eca0000 	C:\WINDOWS\System32\RPCRT4.dll
0x00007ffe2e770000 - 0x00007ffe2e778000 	C:\WINDOWS\System32\PSAPI.DLL
0x00007ffe14b00000 - 0x00007ffe14b09000 	C:\WINDOWS\SYSTEM32\WSOCK32.dll
0x00007ffe2ffd0000 - 0x00007ffe3003f000 	C:\WINDOWS\System32\WS2_32.dll
0x00007ffe26990000 - 0x00007ffe269c3000 	C:\WINDOWS\SYSTEM32\WINMM.dll
0x00007ffe25640000 - 0x00007ffe2564a000 	C:\WINDOWS\SYSTEM32\VERSION.dll
0x00007ffe2cb80000 - 0x00007ffe2cb98000 	C:\WINDOWS\SYSTEM32\kernel.appcore.dll
0x00007ffe1f5d0000 - 0x00007ffe1f5e0000 	C:\Program Files\RedHat\java-11-openjdk-11.0.13-1\bin\verify.dll
0x00007ffe165c0000 - 0x00007ffe167e1000 	C:\WINDOWS\SYSTEM32\DBGHELP.DLL
0x00007ffe0f860000 - 0x00007ffe0f891000 	C:\WINDOWS\SYSTEM32\dbgcore.DLL
0x00007ffe2dde0000 - 0x00007ffe2de5f000 	C:\WINDOWS\System32\bcryptPrimitives.dll
0x00007ffe16350000 - 0x00007ffe16378000 	C:\Program Files\RedHat\java-11-openjdk-11.0.13-1\bin\java.dll
0x00007ffe1f580000 - 0x00007ffe1f58a000 	C:\Program Files\RedHat\java-11-openjdk-11.0.13-1\bin\jimage.dll
0x00007ffe16330000 - 0x00007ffe16347000 	C:\Program Files\RedHat\java-11-openjdk-11.0.13-1\bin\zip.dll
0x00007ffe2eca0000 - 0x00007ffe2f44e000 	C:\WINDOWS\System32\SHELL32.dll
0x00007ffe2bb00000 - 0x00007ffe2c367000 	C:\WINDOWS\SYSTEM32\windows.storage.dll
0x00007ffe2fa10000 - 0x00007ffe2fd88000 	C:\WINDOWS\System32\combase.dll
0x00007ffe2b990000 - 0x00007ffe2baf6000 	C:\WINDOWS\SYSTEM32\wintypes.dll
0x00007ffe2e3f0000 - 0x00007ffe2e4da000 	C:\WINDOWS\System32\SHCORE.dll
0x00007ffe2e9a0000 - 0x00007ffe2e9fd000 	C:\WINDOWS\System32\shlwapi.dll
0x00007ffe2d8c0000 - 0x00007ffe2d8e1000 	C:\WINDOWS\SYSTEM32\profapi.dll
0x00007ffe16310000 - 0x00007ffe16329000 	C:\Program Files\RedHat\java-11-openjdk-11.0.13-1\bin\net.dll
0x00007ffe265b0000 - 0x00007ffe266bc000 	C:\WINDOWS\SYSTEM32\WINHTTP.dll
0x00007ffe2cfb0000 - 0x00007ffe2d017000 	C:\WINDOWS\system32\mswsock.dll
0x00007ffe12370000 - 0x00007ffe12382000 	C:\Program Files\RedHat\java-11-openjdk-11.0.13-1\bin\nio.dll
0x0000000069ac0000 - 0x0000000069ae4000 	C:\Users\jtalg\apache-maven-3.8.4-bin\apache-maven-3.8.4\lib\jansi-native\Windows\x86_64\jansi.dll

dbghelp: loaded successfully - version: 4.0.5 - missing functions: none
symbol engine: initialized successfully - sym options: 0x614 - pdb path: .;C:\Program Files\RedHat\java-11-openjdk-11.0.13-1\bin;C:\WINDOWS\SYSTEM32;C:\WINDOWS\WinSxS\amd64_microsoft.windows.common-controls_6595b64144ccf1df_6.0.22000.120_none_9d947278b86cc467;C:\Program Files\RedHat\java-11-openjdk-11.0.13-1\bin\server;C:\Users\jtalg\apache-maven-3.8.4-bin\apache-maven-3.8.4\lib\jansi-native\Windows\x86_64

VM Arguments:
jvm_args: -Dclassworlds.conf=C:\Users\jtalg\apache-maven-3.8.4-bin\apache-maven-3.8.4\bin\m2.conf -Dmaven.home=C:\Users\jtalg\apache-maven-3.8.4-bin\apache-maven-3.8.4 -Dlibrary.jansi.path=C:\Users\jtalg\apache-maven-3.8.4-bin\apache-maven-3.8.4\lib\jansi-native -Dmaven.multiModuleProjectDirectory=C:\Users\jtalg\Desktop\qadagalayshy\qad.api 
java_command: org.codehaus.plexus.classworlds.launcher.Launcher spring-boot:run
java_class_path (initial): C:\Users\jtalg\apache-maven-3.8.4-bin\apache-maven-3.8.4\boot\plexus-classworlds-2.6.0.jar
Launcher Type: SUN_STANDARD

[Global flags]
     intx CICompilerCount                          = 3                                         {product} {ergonomic}
     uint ConcGCThreads                            = 1                                         {product} {ergonomic}
     uint G1ConcRefinementThreads                  = 4                                         {product} {ergonomic}
   size_t G1HeapRegionSize                         = 1048576                                   {product} {ergonomic}
    uintx GCDrainStackTargetSize                   = 64                                        {product} {ergonomic}
   size_t InitialHeapSize                          = 132120576                                 {product} {ergonomic}
   size_t MarkStackSize                            = 4194304                                   {product} {ergonomic}
   size_t MaxHeapSize                              = 2109734912                                {product} {ergonomic}
   size_t MaxNewSize                               = 1265631232                                {product} {ergonomic}
   size_t MinHeapDeltaBytes                        = 1048576                                   {product} {ergonomic}
    uintx NonNMethodCodeHeapSize                   = 5830732                                {pd product} {ergonomic}
    uintx NonProfiledCodeHeapSize                  = 122913754                              {pd product} {ergonomic}
    uintx ProfiledCodeHeapSize                     = 122913754                              {pd product} {ergonomic}
    uintx ReservedCodeCacheSize                    = 251658240                              {pd product} {ergonomic}
     bool SegmentedCodeCache                       = true                                      {product} {ergonomic}
     bool UseCompressedClassPointers               = true                                 {lp64_product} {ergonomic}
     bool UseCompressedOops                        = true                                 {lp64_product} {ergonomic}
     bool UseG1GC                                  = true                                      {product} {ergonomic}
     bool UseLargePagesIndividualAllocation        = false                                  {pd product} {ergonomic}

Logging:
Log output configuration:
 #0: stdout all=warning uptime,level,tags
 #1: stderr all=off uptime,level,tags

Environment Variables:
JAVA_HOME=C:\Program Files\RedHat\java-11-openjdk-11.0.13-1
PATH=D:\Virtual Machine\VMware\bin\;C:\Program Files (x86)\Common Files\Oracle\Java\javapath;C:\WINDOWS\system32;C:\WINDOWS;C:\WINDOWS\System32\Wbem;C:\WINDOWS\System32\WindowsPowerShell\v1.0\;C:\WINDOWS\System32\OpenSSH\;C:\Program Files\NVIDIA Corporation\NVIDIA NvDLISR;D:\Dev\Git\cmd;D:\Dev\NodeJS\;C:\Program Files (x86)\NVIDIA Corporation\PhysX\Common;C:\Program Files\Microsoft SQL Server\130\Tools\Binn\;C:\WINDOWS\system32;C:\WINDOWS;C:\WINDOWS\System32\Wbem;C:\WINDOWS\System32\WindowsPowerShell\v1.0\;C:\WINDOWS\System32\OpenSSH\;C:\Program Files\RedHat\java-11-openjdk-11.0.13-1\bin;C:\Program Files\RedHat\java-11-openjdk-11.0.13-1\bin;C:\Users\jtalg\apache-maven-3.8.4-bin\apache-maven-3.8.4\bin;C:\Gradle\gradle-7.3.3\bin;C:\Users\jtalg\AppData\Local\Microsoft\WindowsApps;D:\Dev\Microsoft VS Code\bin;D:\Dev\heroku\bin;C:\Users\jtalg\AppData\Roaming\npm;C:\Program Files\JetBrains\IntelliJ IDEA 2020.3.3\bin;;
USERNAME=jtalg
OS=Windows_NT
PROCESSOR_IDENTIFIER=Intel64 Family 6 Model 142 Stepping 11, GenuineIntel



---------------  S Y S T E M  ---------------

OS: Windows 10 , 64 bit Build 22000 (10.0.22000.434)
OS uptime: 1 days 2:18 hours

CPU:total 4 (initial active 4) (2 cores per cpu, 2 threads per core) family 6 model 142 stepping 11 microcode 0xde, cmov, cx8, fxsr, mmx, sse, sse2, sse3, ssse3, sse4.1, sse4.2, popcnt, avx, avx2, aes, clmul, erms, 3dnowpref, lzcnt, ht, tsc, tscinvbit, bmi1, bmi2, adx, fma

Memory: 4k page, system-wide physical 8040M (539M free)
TotalPageFile size 12136M (AvailPageFile size 9M)
current process WorkingSet (physical memory assigned to process): 284M, peak: 286M
current process commit charge ("private bytes"): 318M, peak: 326M

vm_info: OpenJDK 64-Bit Server VM (11.0.13+8-LTS) for windows-amd64 JRE (11.0.13+8-LTS), built on Oct 16 2021 19:46:00 by "" with unknown MS VC++:1916

END.
